  ConsoleApplication1.cpp
C:\Users\gerar\OneDrive\Documents\GitHub\Ahorcado_Lupion_Gerard_DeLaTorre_Nathaniel\ConsoleApplication1\ConsoleApplication1\ConsoleApplication1.cpp(5,25): warning C4838: la conversión de 'int' en 'char' requiere una conversión de restricción
C:\Users\gerar\OneDrive\Documents\GitHub\Ahorcado_Lupion_Gerard_DeLaTorre_Nathaniel\ConsoleApplication1\ConsoleApplication1\ConsoleApplication1.cpp(5,25): warning C4305: 'inicializando': truncamiento de 'int' a 'char'
C:\Users\gerar\OneDrive\Documents\GitHub\Ahorcado_Lupion_Gerard_DeLaTorre_Nathaniel\ConsoleApplication1\ConsoleApplication1\ConsoleApplication1.cpp(5,25): warning C4309: 'inicializando': truncamiento de valor constante
C:\Users\gerar\OneDrive\Documents\GitHub\Ahorcado_Lupion_Gerard_DeLaTorre_Nathaniel\ConsoleApplication1\ConsoleApplication1\ConsoleApplication1.cpp(5,31): warning C4838: la conversión de 'int' en 'char' requiere una conversión de restricción
C:\Users\gerar\OneDrive\Documents\GitHub\Ahorcado_Lupion_Gerard_DeLaTorre_Nathaniel\ConsoleApplication1\ConsoleApplication1\ConsoleApplication1.cpp(5,31): warning C4305: 'inicializando': truncamiento de 'int' a 'char'
C:\Users\gerar\OneDrive\Documents\GitHub\Ahorcado_Lupion_Gerard_DeLaTorre_Nathaniel\ConsoleApplication1\ConsoleApplication1\ConsoleApplication1.cpp(5,31): warning C4309: 'inicializando': truncamiento de valor constante
C:\Users\gerar\OneDrive\Documents\GitHub\Ahorcado_Lupion_Gerard_DeLaTorre_Nathaniel\ConsoleApplication1\ConsoleApplication1\ConsoleApplication1.cpp(5,37): warning C4838: la conversión de 'int' en 'char' requiere una conversión de restricción
C:\Users\gerar\OneDrive\Documents\GitHub\Ahorcado_Lupion_Gerard_DeLaTorre_Nathaniel\ConsoleApplication1\ConsoleApplication1\ConsoleApplication1.cpp(5,37): warning C4305: 'inicializando': truncamiento de 'int' a 'char'
C:\Users\gerar\OneDrive\Documents\GitHub\Ahorcado_Lupion_Gerard_DeLaTorre_Nathaniel\ConsoleApplication1\ConsoleApplication1\ConsoleApplication1.cpp(5,37): warning C4309: 'inicializando': truncamiento de valor constante
C:\Users\gerar\OneDrive\Documents\GitHub\Ahorcado_Lupion_Gerard_DeLaTorre_Nathaniel\ConsoleApplication1\ConsoleApplication1\ConsoleApplication1.cpp(5,43): warning C4838: la conversión de 'int' en 'char' requiere una conversión de restricción
C:\Users\gerar\OneDrive\Documents\GitHub\Ahorcado_Lupion_Gerard_DeLaTorre_Nathaniel\ConsoleApplication1\ConsoleApplication1\ConsoleApplication1.cpp(5,43): warning C4305: 'inicializando': truncamiento de 'int' a 'char'
C:\Users\gerar\OneDrive\Documents\GitHub\Ahorcado_Lupion_Gerard_DeLaTorre_Nathaniel\ConsoleApplication1\ConsoleApplication1\ConsoleApplication1.cpp(5,43): warning C4309: 'inicializando': truncamiento de valor constante
C:\Users\gerar\OneDrive\Documents\GitHub\Ahorcado_Lupion_Gerard_DeLaTorre_Nathaniel\ConsoleApplication1\ConsoleApplication1\ConsoleApplication1.cpp(5,49): warning C4838: la conversión de 'int' en 'char' requiere una conversión de restricción
C:\Users\gerar\OneDrive\Documents\GitHub\Ahorcado_Lupion_Gerard_DeLaTorre_Nathaniel\ConsoleApplication1\ConsoleApplication1\ConsoleApplication1.cpp(5,49): warning C4305: 'inicializando': truncamiento de 'int' a 'char'
C:\Users\gerar\OneDrive\Documents\GitHub\Ahorcado_Lupion_Gerard_DeLaTorre_Nathaniel\ConsoleApplication1\ConsoleApplication1\ConsoleApplication1.cpp(5,49): warning C4309: 'inicializando': truncamiento de valor constante
C:\Users\gerar\OneDrive\Documents\GitHub\Ahorcado_Lupion_Gerard_DeLaTorre_Nathaniel\ConsoleApplication1\ConsoleApplication1\ConsoleApplication1.cpp(5,55): warning C4838: la conversión de 'int' en 'char' requiere una conversión de restricción
C:\Users\gerar\OneDrive\Documents\GitHub\Ahorcado_Lupion_Gerard_DeLaTorre_Nathaniel\ConsoleApplication1\ConsoleApplication1\ConsoleApplication1.cpp(5,55): warning C4305: 'inicializando': truncamiento de 'int' a 'char'
C:\Users\gerar\OneDrive\Documents\GitHub\Ahorcado_Lupion_Gerard_DeLaTorre_Nathaniel\ConsoleApplication1\ConsoleApplication1\ConsoleApplication1.cpp(5,55): warning C4309: 'inicializando': truncamiento de valor constante
C:\Users\gerar\OneDrive\Documents\GitHub\Ahorcado_Lupion_Gerard_DeLaTorre_Nathaniel\ConsoleApplication1\ConsoleApplication1\ConsoleApplication1.cpp(5,61): warning C4838: la conversión de 'int' en 'char' requiere una conversión de restricción
C:\Users\gerar\OneDrive\Documents\GitHub\Ahorcado_Lupion_Gerard_DeLaTorre_Nathaniel\ConsoleApplication1\ConsoleApplication1\ConsoleApplication1.cpp(5,61): warning C4305: 'inicializando': truncamiento de 'int' a 'char'
C:\Users\gerar\OneDrive\Documents\GitHub\Ahorcado_Lupion_Gerard_DeLaTorre_Nathaniel\ConsoleApplication1\ConsoleApplication1\ConsoleApplication1.cpp(5,61): warning C4309: 'inicializando': truncamiento de valor constante
C:\Users\gerar\OneDrive\Documents\GitHub\Ahorcado_Lupion_Gerard_DeLaTorre_Nathaniel\ConsoleApplication1\ConsoleApplication1\ConsoleApplication1.cpp(5,67): warning C4838: la conversión de 'int' en 'char' requiere una conversión de restricción
C:\Users\gerar\OneDrive\Documents\GitHub\Ahorcado_Lupion_Gerard_DeLaTorre_Nathaniel\ConsoleApplication1\ConsoleApplication1\ConsoleApplication1.cpp(5,67): warning C4305: 'inicializando': truncamiento de 'int' a 'char'
C:\Users\gerar\OneDrive\Documents\GitHub\Ahorcado_Lupion_Gerard_DeLaTorre_Nathaniel\ConsoleApplication1\ConsoleApplication1\ConsoleApplication1.cpp(5,67): warning C4309: 'inicializando': truncamiento de valor constante
C:\Users\gerar\OneDrive\Documents\GitHub\Ahorcado_Lupion_Gerard_DeLaTorre_Nathaniel\ConsoleApplication1\ConsoleApplication1\ConsoleApplication1.cpp(5,73): warning C4838: la conversión de 'int' en 'char' requiere una conversión de restricción
C:\Users\gerar\OneDrive\Documents\GitHub\Ahorcado_Lupion_Gerard_DeLaTorre_Nathaniel\ConsoleApplication1\ConsoleApplication1\ConsoleApplication1.cpp(5,73): warning C4305: 'inicializando': truncamiento de 'int' a 'char'
C:\Users\gerar\OneDrive\Documents\GitHub\Ahorcado_Lupion_Gerard_DeLaTorre_Nathaniel\ConsoleApplication1\ConsoleApplication1\ConsoleApplication1.cpp(5,73): warning C4309: 'inicializando': truncamiento de valor constante
C:\Users\gerar\OneDrive\Documents\GitHub\Ahorcado_Lupion_Gerard_DeLaTorre_Nathaniel\ConsoleApplication1\ConsoleApplication1\ConsoleApplication1.cpp(5,79): warning C4838: la conversión de 'int' en 'char' requiere una conversión de restricción
C:\Users\gerar\OneDrive\Documents\GitHub\Ahorcado_Lupion_Gerard_DeLaTorre_Nathaniel\ConsoleApplication1\ConsoleApplication1\ConsoleApplication1.cpp(5,79): warning C4305: 'inicializando': truncamiento de 'int' a 'char'
C:\Users\gerar\OneDrive\Documents\GitHub\Ahorcado_Lupion_Gerard_DeLaTorre_Nathaniel\ConsoleApplication1\ConsoleApplication1\ConsoleApplication1.cpp(5,79): warning C4309: 'inicializando': truncamiento de valor constante
C:\Users\gerar\OneDrive\Documents\GitHub\Ahorcado_Lupion_Gerard_DeLaTorre_Nathaniel\ConsoleApplication1\ConsoleApplication1\ConsoleApplication1.cpp(6,9): warning C4838: la conversión de 'int' en 'char' requiere una conversión de restricción
C:\Users\gerar\OneDrive\Documents\GitHub\Ahorcado_Lupion_Gerard_DeLaTorre_Nathaniel\ConsoleApplication1\ConsoleApplication1\ConsoleApplication1.cpp(6,9): warning C4305: 'inicializando': truncamiento de 'int' a 'char'
C:\Users\gerar\OneDrive\Documents\GitHub\Ahorcado_Lupion_Gerard_DeLaTorre_Nathaniel\ConsoleApplication1\ConsoleApplication1\ConsoleApplication1.cpp(6,9): warning C4309: 'inicializando': truncamiento de valor constante
C:\Users\gerar\OneDrive\Documents\GitHub\Ahorcado_Lupion_Gerard_DeLaTorre_Nathaniel\ConsoleApplication1\ConsoleApplication1\ConsoleApplication1.cpp(6,15): warning C4838: la conversión de 'int' en 'char' requiere una conversión de restricción
C:\Users\gerar\OneDrive\Documents\GitHub\Ahorcado_Lupion_Gerard_DeLaTorre_Nathaniel\ConsoleApplication1\ConsoleApplication1\ConsoleApplication1.cpp(6,15): warning C4305: 'inicializando': truncamiento de 'int' a 'char'
C:\Users\gerar\OneDrive\Documents\GitHub\Ahorcado_Lupion_Gerard_DeLaTorre_Nathaniel\ConsoleApplication1\ConsoleApplication1\ConsoleApplication1.cpp(6,15): warning C4309: 'inicializando': truncamiento de valor constante
C:\Users\gerar\OneDrive\Documents\GitHub\Ahorcado_Lupion_Gerard_DeLaTorre_Nathaniel\ConsoleApplication1\ConsoleApplication1\ConsoleApplication1.cpp(6,21): warning C4838: la conversión de 'int' en 'char' requiere una conversión de restricción
C:\Users\gerar\OneDrive\Documents\GitHub\Ahorcado_Lupion_Gerard_DeLaTorre_Nathaniel\ConsoleApplication1\ConsoleApplication1\ConsoleApplication1.cpp(6,21): warning C4305: 'inicializando': truncamiento de 'int' a 'char'
C:\Users\gerar\OneDrive\Documents\GitHub\Ahorcado_Lupion_Gerard_DeLaTorre_Nathaniel\ConsoleApplication1\ConsoleApplication1\ConsoleApplication1.cpp(6,21): warning C4309: 'inicializando': truncamiento de valor constante
C:\Users\gerar\OneDrive\Documents\GitHub\Ahorcado_Lupion_Gerard_DeLaTorre_Nathaniel\ConsoleApplication1\ConsoleApplication1\ConsoleApplication1.cpp(6,27): warning C4838: la conversión de 'int' en 'char' requiere una conversión de restricción
C:\Users\gerar\OneDrive\Documents\GitHub\Ahorcado_Lupion_Gerard_DeLaTorre_Nathaniel\ConsoleApplication1\ConsoleApplication1\ConsoleApplication1.cpp(6,27): warning C4305: 'inicializando': truncamiento de 'int' a 'char'
C:\Users\gerar\OneDrive\Documents\GitHub\Ahorcado_Lupion_Gerard_DeLaTorre_Nathaniel\ConsoleApplication1\ConsoleApplication1\ConsoleApplication1.cpp(6,27): warning C4309: 'inicializando': truncamiento de valor constante
C:\Users\gerar\OneDrive\Documents\GitHub\Ahorcado_Lupion_Gerard_DeLaTorre_Nathaniel\ConsoleApplication1\ConsoleApplication1\ConsoleApplication1.cpp(6,33): warning C4838: la conversión de 'int' en 'char' requiere una conversión de restricción
C:\Users\gerar\OneDrive\Documents\GitHub\Ahorcado_Lupion_Gerard_DeLaTorre_Nathaniel\ConsoleApplication1\ConsoleApplication1\ConsoleApplication1.cpp(6,33): warning C4305: 'inicializando': truncamiento de 'int' a 'char'
C:\Users\gerar\OneDrive\Documents\GitHub\Ahorcado_Lupion_Gerard_DeLaTorre_Nathaniel\ConsoleApplication1\ConsoleApplication1\ConsoleApplication1.cpp(6,33): warning C4309: 'inicializando': truncamiento de valor constante
C:\Users\gerar\OneDrive\Documents\GitHub\Ahorcado_Lupion_Gerard_DeLaTorre_Nathaniel\ConsoleApplication1\ConsoleApplication1\ConsoleApplication1.cpp(6,39): warning C4838: la conversión de 'int' en 'char' requiere una conversión de restricción
C:\Users\gerar\OneDrive\Documents\GitHub\Ahorcado_Lupion_Gerard_DeLaTorre_Nathaniel\ConsoleApplication1\ConsoleApplication1\ConsoleApplication1.cpp(6,39): warning C4305: 'inicializando': truncamiento de 'int' a 'char'
C:\Users\gerar\OneDrive\Documents\GitHub\Ahorcado_Lupion_Gerard_DeLaTorre_Nathaniel\ConsoleApplication1\ConsoleApplication1\ConsoleApplication1.cpp(6,39): warning C4309: 'inicializando': truncamiento de valor constante
C:\Users\gerar\OneDrive\Documents\GitHub\Ahorcado_Lupion_Gerard_DeLaTorre_Nathaniel\ConsoleApplication1\ConsoleApplication1\ConsoleApplication1.cpp(6,45): warning C4838: la conversión de 'int' en 'char' requiere una conversión de restricción
C:\Users\gerar\OneDrive\Documents\GitHub\Ahorcado_Lupion_Gerard_DeLaTorre_Nathaniel\ConsoleApplication1\ConsoleApplication1\ConsoleApplication1.cpp(6,45): warning C4305: 'inicializando': truncamiento de 'int' a 'char'
C:\Users\gerar\OneDrive\Documents\GitHub\Ahorcado_Lupion_Gerard_DeLaTorre_Nathaniel\ConsoleApplication1\ConsoleApplication1\ConsoleApplication1.cpp(6,45): warning C4309: 'inicializando': truncamiento de valor constante
C:\Users\gerar\OneDrive\Documents\GitHub\Ahorcado_Lupion_Gerard_DeLaTorre_Nathaniel\ConsoleApplication1\ConsoleApplication1\ConsoleApplication1.cpp(6,51): warning C4838: la conversión de 'int' en 'char' requiere una conversión de restricción
C:\Users\gerar\OneDrive\Documents\GitHub\Ahorcado_Lupion_Gerard_DeLaTorre_Nathaniel\ConsoleApplication1\ConsoleApplication1\ConsoleApplication1.cpp(6,51): warning C4305: 'inicializando': truncamiento de 'int' a 'char'
C:\Users\gerar\OneDrive\Documents\GitHub\Ahorcado_Lupion_Gerard_DeLaTorre_Nathaniel\ConsoleApplication1\ConsoleApplication1\ConsoleApplication1.cpp(6,51): warning C4309: 'inicializando': truncamiento de valor constante
C:\Users\gerar\OneDrive\Documents\GitHub\Ahorcado_Lupion_Gerard_DeLaTorre_Nathaniel\ConsoleApplication1\ConsoleApplication1\ConsoleApplication1.cpp(6,57): warning C4838: la conversión de 'int' en 'char' requiere una conversión de restricción
C:\Users\gerar\OneDrive\Documents\GitHub\Ahorcado_Lupion_Gerard_DeLaTorre_Nathaniel\ConsoleApplication1\ConsoleApplication1\ConsoleApplication1.cpp(6,57): warning C4305: 'inicializando': truncamiento de 'int' a 'char'
C:\Users\gerar\OneDrive\Documents\GitHub\Ahorcado_Lupion_Gerard_DeLaTorre_Nathaniel\ConsoleApplication1\ConsoleApplication1\ConsoleApplication1.cpp(6,57): warning C4309: 'inicializando': truncamiento de valor constante
C:\Users\gerar\OneDrive\Documents\GitHub\Ahorcado_Lupion_Gerard_DeLaTorre_Nathaniel\ConsoleApplication1\ConsoleApplication1\ConsoleApplication1.cpp(6,63): warning C4838: la conversión de 'int' en 'char' requiere una conversión de restricción
C:\Users\gerar\OneDrive\Documents\GitHub\Ahorcado_Lupion_Gerard_DeLaTorre_Nathaniel\ConsoleApplication1\ConsoleApplication1\ConsoleApplication1.cpp(6,63): warning C4305: 'inicializando': truncamiento de 'int' a 'char'
C:\Users\gerar\OneDrive\Documents\GitHub\Ahorcado_Lupion_Gerard_DeLaTorre_Nathaniel\ConsoleApplication1\ConsoleApplication1\ConsoleApplication1.cpp(6,63): warning C4309: 'inicializando': truncamiento de valor constante
C:\Users\gerar\OneDrive\Documents\GitHub\Ahorcado_Lupion_Gerard_DeLaTorre_Nathaniel\ConsoleApplication1\ConsoleApplication1\ConsoleApplication1.cpp(7,9): warning C4838: la conversión de 'int' en 'char' requiere una conversión de restricción
C:\Users\gerar\OneDrive\Documents\GitHub\Ahorcado_Lupion_Gerard_DeLaTorre_Nathaniel\ConsoleApplication1\ConsoleApplication1\ConsoleApplication1.cpp(7,9): warning C4305: 'inicializando': truncamiento de 'int' a 'char'
C:\Users\gerar\OneDrive\Documents\GitHub\Ahorcado_Lupion_Gerard_DeLaTorre_Nathaniel\ConsoleApplication1\ConsoleApplication1\ConsoleApplication1.cpp(7,9): warning C4309: 'inicializando': truncamiento de valor constante
C:\Users\gerar\OneDrive\Documents\GitHub\Ahorcado_Lupion_Gerard_DeLaTorre_Nathaniel\ConsoleApplication1\ConsoleApplication1\ConsoleApplication1.cpp(7,15): warning C4838: la conversión de 'int' en 'char' requiere una conversión de restricción
C:\Users\gerar\OneDrive\Documents\GitHub\Ahorcado_Lupion_Gerard_DeLaTorre_Nathaniel\ConsoleApplication1\ConsoleApplication1\ConsoleApplication1.cpp(7,15): warning C4305: 'inicializando': truncamiento de 'int' a 'char'
C:\Users\gerar\OneDrive\Documents\GitHub\Ahorcado_Lupion_Gerard_DeLaTorre_Nathaniel\ConsoleApplication1\ConsoleApplication1\ConsoleApplication1.cpp(7,15): warning C4309: 'inicializando': truncamiento de valor constante
C:\Users\gerar\OneDrive\Documents\GitHub\Ahorcado_Lupion_Gerard_DeLaTorre_Nathaniel\ConsoleApplication1\ConsoleApplication1\ConsoleApplication1.cpp(7,21): warning C4838: la conversión de 'int' en 'char' requiere una conversión de restricción
C:\Users\gerar\OneDrive\Documents\GitHub\Ahorcado_Lupion_Gerard_DeLaTorre_Nathaniel\ConsoleApplication1\ConsoleApplication1\ConsoleApplication1.cpp(7,21): warning C4305: 'inicializando': truncamiento de 'int' a 'char'
C:\Users\gerar\OneDrive\Documents\GitHub\Ahorcado_Lupion_Gerard_DeLaTorre_Nathaniel\ConsoleApplication1\ConsoleApplication1\ConsoleApplication1.cpp(7,21): warning C4309: 'inicializando': truncamiento de valor constante
C:\Users\gerar\OneDrive\Documents\GitHub\Ahorcado_Lupion_Gerard_DeLaTorre_Nathaniel\ConsoleApplication1\ConsoleApplication1\ConsoleApplication1.cpp(7,27): warning C4838: la conversión de 'int' en 'char' requiere una conversión de restricción
C:\Users\gerar\OneDrive\Documents\GitHub\Ahorcado_Lupion_Gerard_DeLaTorre_Nathaniel\ConsoleApplication1\ConsoleApplication1\ConsoleApplication1.cpp(7,27): warning C4305: 'inicializando': truncamiento de 'int' a 'char'
C:\Users\gerar\OneDrive\Documents\GitHub\Ahorcado_Lupion_Gerard_DeLaTorre_Nathaniel\ConsoleApplication1\ConsoleApplication1\ConsoleApplication1.cpp(7,27): warning C4309: 'inicializando': truncamiento de valor constante
C:\Users\gerar\OneDrive\Documents\GitHub\Ahorcado_Lupion_Gerard_DeLaTorre_Nathaniel\ConsoleApplication1\ConsoleApplication1\ConsoleApplication1.cpp(7,33): warning C4838: la conversión de 'int' en 'char' requiere una conversión de restricción
C:\Users\gerar\OneDrive\Documents\GitHub\Ahorcado_Lupion_Gerard_DeLaTorre_Nathaniel\ConsoleApplication1\ConsoleApplication1\ConsoleApplication1.cpp(7,33): warning C4305: 'inicializando': truncamiento de 'int' a 'char'
C:\Users\gerar\OneDrive\Documents\GitHub\Ahorcado_Lupion_Gerard_DeLaTorre_Nathaniel\ConsoleApplication1\ConsoleApplication1\ConsoleApplication1.cpp(7,33): warning C4309: 'inicializando': truncamiento de valor constante
C:\Users\gerar\OneDrive\Documents\GitHub\Ahorcado_Lupion_Gerard_DeLaTorre_Nathaniel\ConsoleApplication1\ConsoleApplication1\ConsoleApplication1.cpp(7,39): warning C4838: la conversión de 'int' en 'char' requiere una conversión de restricción
C:\Users\gerar\OneDrive\Documents\GitHub\Ahorcado_Lupion_Gerard_DeLaTorre_Nathaniel\ConsoleApplication1\ConsoleApplication1\ConsoleApplication1.cpp(7,39): warning C4305: 'inicializando': truncamiento de 'int' a 'char'
C:\Users\gerar\OneDrive\Documents\GitHub\Ahorcado_Lupion_Gerard_DeLaTorre_Nathaniel\ConsoleApplication1\ConsoleApplication1\ConsoleApplication1.cpp(7,39): warning C4309: 'inicializando': truncamiento de valor constante
C:\Users\gerar\OneDrive\Documents\GitHub\Ahorcado_Lupion_Gerard_DeLaTorre_Nathaniel\ConsoleApplication1\ConsoleApplication1\ConsoleApplication1.cpp(7,45): warning C4838: la conversión de 'int' en 'char' requiere una conversión de restricción
C:\Users\gerar\OneDrive\Documents\GitHub\Ahorcado_Lupion_Gerard_DeLaTorre_Nathaniel\ConsoleApplication1\ConsoleApplication1\ConsoleApplication1.cpp(7,45): warning C4305: 'inicializando': truncamiento de 'int' a 'char'
C:\Users\gerar\OneDrive\Documents\GitHub\Ahorcado_Lupion_Gerard_DeLaTorre_Nathaniel\ConsoleApplication1\ConsoleApplication1\ConsoleApplication1.cpp(7,45): warning C4309: 'inicializando': truncamiento de valor constante
C:\Users\gerar\OneDrive\Documents\GitHub\Ahorcado_Lupion_Gerard_DeLaTorre_Nathaniel\ConsoleApplication1\ConsoleApplication1\ConsoleApplication1.cpp(7,51): warning C4838: la conversión de 'int' en 'char' requiere una conversión de restricción
C:\Users\gerar\OneDrive\Documents\GitHub\Ahorcado_Lupion_Gerard_DeLaTorre_Nathaniel\ConsoleApplication1\ConsoleApplication1\ConsoleApplication1.cpp(7,51): warning C4305: 'inicializando': truncamiento de 'int' a 'char'
C:\Users\gerar\OneDrive\Documents\GitHub\Ahorcado_Lupion_Gerard_DeLaTorre_Nathaniel\ConsoleApplication1\ConsoleApplication1\ConsoleApplication1.cpp(7,51): warning C4309: 'inicializando': truncamiento de valor constante
C:\Users\gerar\OneDrive\Documents\GitHub\Ahorcado_Lupion_Gerard_DeLaTorre_Nathaniel\ConsoleApplication1\ConsoleApplication1\ConsoleApplication1.cpp(7,57): warning C4838: la conversión de 'int' en 'char' requiere una conversión de restricción
C:\Users\gerar\OneDrive\Documents\GitHub\Ahorcado_Lupion_Gerard_DeLaTorre_Nathaniel\ConsoleApplication1\ConsoleApplication1\ConsoleApplication1.cpp(7,57): warning C4305: 'inicializando': truncamiento de 'int' a 'char'
C:\Users\gerar\OneDrive\Documents\GitHub\Ahorcado_Lupion_Gerard_DeLaTorre_Nathaniel\ConsoleApplication1\ConsoleApplication1\ConsoleApplication1.cpp(7,57): warning C4309: 'inicializando': truncamiento de valor constante
C:\Users\gerar\OneDrive\Documents\GitHub\Ahorcado_Lupion_Gerard_DeLaTorre_Nathaniel\ConsoleApplication1\ConsoleApplication1\ConsoleApplication1.cpp(7,63): warning C4838: la conversión de 'int' en 'char' requiere una conversión de restricción
C:\Users\gerar\OneDrive\Documents\GitHub\Ahorcado_Lupion_Gerard_DeLaTorre_Nathaniel\ConsoleApplication1\ConsoleApplication1\ConsoleApplication1.cpp(7,63): warning C4305: 'inicializando': truncamiento de 'int' a 'char'
C:\Users\gerar\OneDrive\Documents\GitHub\Ahorcado_Lupion_Gerard_DeLaTorre_Nathaniel\ConsoleApplication1\ConsoleApplication1\ConsoleApplication1.cpp(7,63): warning C4309: 'inicializando': truncamiento de valor constante
C:\Users\gerar\OneDrive\Documents\GitHub\Ahorcado_Lupion_Gerard_DeLaTorre_Nathaniel\ConsoleApplication1\ConsoleApplication1\ConsoleApplication1.cpp(8,9): warning C4838: la conversión de 'int' en 'char' requiere una conversión de restricción
C:\Users\gerar\OneDrive\Documents\GitHub\Ahorcado_Lupion_Gerard_DeLaTorre_Nathaniel\ConsoleApplication1\ConsoleApplication1\ConsoleApplication1.cpp(8,9): warning C4305: 'inicializando': truncamiento de 'int' a 'char'
C:\Users\gerar\OneDrive\Documents\GitHub\Ahorcado_Lupion_Gerard_DeLaTorre_Nathaniel\ConsoleApplication1\ConsoleApplication1\ConsoleApplication1.cpp(8,9): warning C4309: 'inicializando': truncamiento de valor constante
C:\Users\gerar\OneDrive\Documents\GitHub\Ahorcado_Lupion_Gerard_DeLaTorre_Nathaniel\ConsoleApplication1\ConsoleApplication1\ConsoleApplication1.cpp(8,15): warning C4838: la conversión de 'int' en 'char' requiere una conversión de restricción
C:\Users\gerar\OneDrive\Documents\GitHub\Ahorcado_Lupion_Gerard_DeLaTorre_Nathaniel\ConsoleApplication1\ConsoleApplication1\ConsoleApplication1.cpp(8,15): warning C4305: 'inicializando': truncamiento de 'int' a 'char'
C:\Users\gerar\OneDrive\Documents\GitHub\Ahorcado_Lupion_Gerard_DeLaTorre_Nathaniel\ConsoleApplication1\ConsoleApplication1\ConsoleApplication1.cpp(8,15): warning C4309: 'inicializando': truncamiento de valor constante
C:\Users\gerar\OneDrive\Documents\GitHub\Ahorcado_Lupion_Gerard_DeLaTorre_Nathaniel\ConsoleApplication1\ConsoleApplication1\ConsoleApplication1.cpp(8,21): warning C4838: la conversión de 'int' en 'char' requiere una conversión de restricción
C:\Users\gerar\OneDrive\Documents\GitHub\Ahorcado_Lupion_Gerard_DeLaTorre_Nathaniel\ConsoleApplication1\ConsoleApplication1\ConsoleApplication1.cpp(8,21): warning C4305: 'inicializando': truncamiento de 'int' a 'char'
C:\Users\gerar\OneDrive\Documents\GitHub\Ahorcado_Lupion_Gerard_DeLaTorre_Nathaniel\ConsoleApplication1\ConsoleApplication1\ConsoleApplication1.cpp(8,21): warning C4309: 'inicializando': truncamiento de valor constante
C:\Users\gerar\OneDrive\Documents\GitHub\Ahorcado_Lupion_Gerard_DeLaTorre_Nathaniel\ConsoleApplication1\ConsoleApplication1\ConsoleApplication1.cpp(8,27): warning C4838: la conversión de 'int' en 'char' requiere una conversión de restricción
C:\Users\gerar\OneDrive\Documents\GitHub\Ahorcado_Lupion_Gerard_DeLaTorre_Nathaniel\ConsoleApplication1\ConsoleApplication1\ConsoleApplication1.cpp(8,27): warning C4305: 'inicializando': truncamiento de 'int' a 'char'
C:\Users\gerar\OneDrive\Documents\GitHub\Ahorcado_Lupion_Gerard_DeLaTorre_Nathaniel\ConsoleApplication1\ConsoleApplication1\ConsoleApplication1.cpp(8,27): warning C4309: 'inicializando': truncamiento de valor constante
C:\Users\gerar\OneDrive\Documents\GitHub\Ahorcado_Lupion_Gerard_DeLaTorre_Nathaniel\ConsoleApplication1\ConsoleApplication1\ConsoleApplication1.cpp(8,33): warning C4838: la conversión de 'int' en 'char' requiere una conversión de restricción
C:\Users\gerar\OneDrive\Documents\GitHub\Ahorcado_Lupion_Gerard_DeLaTorre_Nathaniel\ConsoleApplication1\ConsoleApplication1\ConsoleApplication1.cpp(8,33): warning C4305: 'inicializando': truncamiento de 'int' a 'char'
C:\Users\gerar\OneDrive\Documents\GitHub\Ahorcado_Lupion_Gerard_DeLaTorre_Nathaniel\ConsoleApplication1\ConsoleApplication1\ConsoleApplication1.cpp(8,33): warning C4309: 'inicializando': truncamiento de valor constante
C:\Users\gerar\OneDrive\Documents\GitHub\Ahorcado_Lupion_Gerard_DeLaTorre_Nathaniel\ConsoleApplication1\ConsoleApplication1\ConsoleApplication1.cpp(8,39): warning C4838: la conversión de 'int' en 'char' requiere una conversión de restricción
C:\Users\gerar\OneDrive\Documents\GitHub\Ahorcado_Lupion_Gerard_DeLaTorre_Nathaniel\ConsoleApplication1\ConsoleApplication1\ConsoleApplication1.cpp(8,39): warning C4305: 'inicializando': truncamiento de 'int' a 'char'
C:\Users\gerar\OneDrive\Documents\GitHub\Ahorcado_Lupion_Gerard_DeLaTorre_Nathaniel\ConsoleApplication1\ConsoleApplication1\ConsoleApplication1.cpp(8,39): warning C4309: 'inicializando': truncamiento de valor constante
C:\Users\gerar\OneDrive\Documents\GitHub\Ahorcado_Lupion_Gerard_DeLaTorre_Nathaniel\ConsoleApplication1\ConsoleApplication1\ConsoleApplication1.cpp(8,45): warning C4838: la conversión de 'int' en 'char' requiere una conversión de restricción
C:\Users\gerar\OneDrive\Documents\GitHub\Ahorcado_Lupion_Gerard_DeLaTorre_Nathaniel\ConsoleApplication1\ConsoleApplication1\ConsoleApplication1.cpp(8,45): warning C4305: 'inicializando': truncamiento de 'int' a 'char'
C:\Users\gerar\OneDrive\Documents\GitHub\Ahorcado_Lupion_Gerard_DeLaTorre_Nathaniel\ConsoleApplication1\ConsoleApplication1\ConsoleApplication1.cpp(8,45): warning C4309: 'inicializando': truncamiento de valor constante
C:\Users\gerar\OneDrive\Documents\GitHub\Ahorcado_Lupion_Gerard_DeLaTorre_Nathaniel\ConsoleApplication1\ConsoleApplication1\ConsoleApplication1.cpp(8,51): warning C4838: la conversión de 'int' en 'char' requiere una conversión de restricción
C:\Users\gerar\OneDrive\Documents\GitHub\Ahorcado_Lupion_Gerard_DeLaTorre_Nathaniel\ConsoleApplication1\ConsoleApplication1\ConsoleApplication1.cpp(8,51): warning C4305: 'inicializando': truncamiento de 'int' a 'char'
C:\Users\gerar\OneDrive\Documents\GitHub\Ahorcado_Lupion_Gerard_DeLaTorre_Nathaniel\ConsoleApplication1\ConsoleApplication1\ConsoleApplication1.cpp(8,51): warning C4309: 'inicializando': truncamiento de valor constante
C:\Users\gerar\OneDrive\Documents\GitHub\Ahorcado_Lupion_Gerard_DeLaTorre_Nathaniel\ConsoleApplication1\ConsoleApplication1\ConsoleApplication1.cpp(8,57): warning C4838: la conversión de 'int' en 'char' requiere una conversión de restricción
C:\Users\gerar\OneDrive\Documents\GitHub\Ahorcado_Lupion_Gerard_DeLaTorre_Nathaniel\ConsoleApplication1\ConsoleApplication1\ConsoleApplication1.cpp(8,57): warning C4305: 'inicializando': truncamiento de 'int' a 'char'
C:\Users\gerar\OneDrive\Documents\GitHub\Ahorcado_Lupion_Gerard_DeLaTorre_Nathaniel\ConsoleApplication1\ConsoleApplication1\ConsoleApplication1.cpp(8,57): warning C4309: 'inicializando': truncamiento de valor constante
C:\Users\gerar\OneDrive\Documents\GitHub\Ahorcado_Lupion_Gerard_DeLaTorre_Nathaniel\ConsoleApplication1\ConsoleApplication1\ConsoleApplication1.cpp(8,63): warning C4838: la conversión de 'int' en 'char' requiere una conversión de restricción
C:\Users\gerar\OneDrive\Documents\GitHub\Ahorcado_Lupion_Gerard_DeLaTorre_Nathaniel\ConsoleApplication1\ConsoleApplication1\ConsoleApplication1.cpp(8,63): warning C4305: 'inicializando': truncamiento de 'int' a 'char'
C:\Users\gerar\OneDrive\Documents\GitHub\Ahorcado_Lupion_Gerard_DeLaTorre_Nathaniel\ConsoleApplication1\ConsoleApplication1\ConsoleApplication1.cpp(8,63): warning C4309: 'inicializando': truncamiento de valor constante
C:\Users\gerar\OneDrive\Documents\GitHub\Ahorcado_Lupion_Gerard_DeLaTorre_Nathaniel\ConsoleApplication1\ConsoleApplication1\ConsoleApplication1.cpp(9,9): warning C4838: la conversión de 'int' en 'char' requiere una conversión de restricción
C:\Users\gerar\OneDrive\Documents\GitHub\Ahorcado_Lupion_Gerard_DeLaTorre_Nathaniel\ConsoleApplication1\ConsoleApplication1\ConsoleApplication1.cpp(9,9): warning C4305: 'inicializando': truncamiento de 'int' a 'char'
C:\Users\gerar\OneDrive\Documents\GitHub\Ahorcado_Lupion_Gerard_DeLaTorre_Nathaniel\ConsoleApplication1\ConsoleApplication1\ConsoleApplication1.cpp(9,9): warning C4309: 'inicializando': truncamiento de valor constante
C:\Users\gerar\OneDrive\Documents\GitHub\Ahorcado_Lupion_Gerard_DeLaTorre_Nathaniel\ConsoleApplication1\ConsoleApplication1\ConsoleApplication1.cpp(9,15): warning C4838: la conversión de 'int' en 'char' requiere una conversión de restricción
C:\Users\gerar\OneDrive\Documents\GitHub\Ahorcado_Lupion_Gerard_DeLaTorre_Nathaniel\ConsoleApplication1\ConsoleApplication1\ConsoleApplication1.cpp(9,15): warning C4305: 'inicializando': truncamiento de 'int' a 'char'
C:\Users\gerar\OneDrive\Documents\GitHub\Ahorcado_Lupion_Gerard_DeLaTorre_Nathaniel\ConsoleApplication1\ConsoleApplication1\ConsoleApplication1.cpp(9,15): warning C4309: 'inicializando': truncamiento de valor constante
C:\Users\gerar\OneDrive\Documents\GitHub\Ahorcado_Lupion_Gerard_DeLaTorre_Nathaniel\ConsoleApplication1\ConsoleApplication1\ConsoleApplication1.cpp(9,21): warning C4838: la conversión de 'int' en 'char' requiere una conversión de restricción
C:\Users\gerar\OneDrive\Documents\GitHub\Ahorcado_Lupion_Gerard_DeLaTorre_Nathaniel\ConsoleApplication1\ConsoleApplication1\ConsoleApplication1.cpp(9,21): warning C4305: 'inicializando': truncamiento de 'int' a 'char'
C:\Users\gerar\OneDrive\Documents\GitHub\Ahorcado_Lupion_Gerard_DeLaTorre_Nathaniel\ConsoleApplication1\ConsoleApplication1\ConsoleApplication1.cpp(9,21): warning C4309: 'inicializando': truncamiento de valor constante
C:\Users\gerar\OneDrive\Documents\GitHub\Ahorcado_Lupion_Gerard_DeLaTorre_Nathaniel\ConsoleApplication1\ConsoleApplication1\ConsoleApplication1.cpp(9,27): warning C4838: la conversión de 'int' en 'char' requiere una conversión de restricción
C:\Users\gerar\OneDrive\Documents\GitHub\Ahorcado_Lupion_Gerard_DeLaTorre_Nathaniel\ConsoleApplication1\ConsoleApplication1\ConsoleApplication1.cpp(9,27): warning C4305: 'inicializando': truncamiento de 'int' a 'char'
C:\Users\gerar\OneDrive\Documents\GitHub\Ahorcado_Lupion_Gerard_DeLaTorre_Nathaniel\ConsoleApplication1\ConsoleApplication1\ConsoleApplication1.cpp(9,27): warning C4309: 'inicializando': truncamiento de valor constante
C:\Users\gerar\OneDrive\Documents\GitHub\Ahorcado_Lupion_Gerard_DeLaTorre_Nathaniel\ConsoleApplication1\ConsoleApplication1\ConsoleApplication1.cpp(9,33): warning C4838: la conversión de 'int' en 'char' requiere una conversión de restricción
C:\Users\gerar\OneDrive\Documents\GitHub\Ahorcado_Lupion_Gerard_DeLaTorre_Nathaniel\ConsoleApplication1\ConsoleApplication1\ConsoleApplication1.cpp(9,33): warning C4305: 'inicializando': truncamiento de 'int' a 'char'
C:\Users\gerar\OneDrive\Documents\GitHub\Ahorcado_Lupion_Gerard_DeLaTorre_Nathaniel\ConsoleApplication1\ConsoleApplication1\ConsoleApplication1.cpp(9,33): warning C4309: 'inicializando': truncamiento de valor constante
C:\Users\gerar\OneDrive\Documents\GitHub\Ahorcado_Lupion_Gerard_DeLaTorre_Nathaniel\ConsoleApplication1\ConsoleApplication1\ConsoleApplication1.cpp(9,39): warning C4838: la conversión de 'int' en 'char' requiere una conversión de restricción
C:\Users\gerar\OneDrive\Documents\GitHub\Ahorcado_Lupion_Gerard_DeLaTorre_Nathaniel\ConsoleApplication1\ConsoleApplication1\ConsoleApplication1.cpp(9,39): warning C4305: 'inicializando': truncamiento de 'int' a 'char'
C:\Users\gerar\OneDrive\Documents\GitHub\Ahorcado_Lupion_Gerard_DeLaTorre_Nathaniel\ConsoleApplication1\ConsoleApplication1\ConsoleApplication1.cpp(9,39): warning C4309: 'inicializando': truncamiento de valor constante
C:\Users\gerar\OneDrive\Documents\GitHub\Ahorcado_Lupion_Gerard_DeLaTorre_Nathaniel\ConsoleApplication1\ConsoleApplication1\ConsoleApplication1.cpp(9,45): warning C4838: la conversión de 'int' en 'char' requiere una conversión de restricción
C:\Users\gerar\OneDrive\Documents\GitHub\Ahorcado_Lupion_Gerard_DeLaTorre_Nathaniel\ConsoleApplication1\ConsoleApplication1\ConsoleApplication1.cpp(9,45): warning C4305: 'inicializando': truncamiento de 'int' a 'char'
C:\Users\gerar\OneDrive\Documents\GitHub\Ahorcado_Lupion_Gerard_DeLaTorre_Nathaniel\ConsoleApplication1\ConsoleApplication1\ConsoleApplication1.cpp(9,45): warning C4309: 'inicializando': truncamiento de valor constante
C:\Users\gerar\OneDrive\Documents\GitHub\Ahorcado_Lupion_Gerard_DeLaTorre_Nathaniel\ConsoleApplication1\ConsoleApplication1\ConsoleApplication1.cpp(9,51): warning C4838: la conversión de 'int' en 'char' requiere una conversión de restricción
C:\Users\gerar\OneDrive\Documents\GitHub\Ahorcado_Lupion_Gerard_DeLaTorre_Nathaniel\ConsoleApplication1\ConsoleApplication1\ConsoleApplication1.cpp(9,51): warning C4305: 'inicializando': truncamiento de 'int' a 'char'
C:\Users\gerar\OneDrive\Documents\GitHub\Ahorcado_Lupion_Gerard_DeLaTorre_Nathaniel\ConsoleApplication1\ConsoleApplication1\ConsoleApplication1.cpp(9,51): warning C4309: 'inicializando': truncamiento de valor constante
C:\Users\gerar\OneDrive\Documents\GitHub\Ahorcado_Lupion_Gerard_DeLaTorre_Nathaniel\ConsoleApplication1\ConsoleApplication1\ConsoleApplication1.cpp(9,57): warning C4838: la conversión de 'int' en 'char' requiere una conversión de restricción
C:\Users\gerar\OneDrive\Documents\GitHub\Ahorcado_Lupion_Gerard_DeLaTorre_Nathaniel\ConsoleApplication1\ConsoleApplication1\ConsoleApplication1.cpp(9,57): warning C4305: 'inicializando': truncamiento de 'int' a 'char'
C:\Users\gerar\OneDrive\Documents\GitHub\Ahorcado_Lupion_Gerard_DeLaTorre_Nathaniel\ConsoleApplication1\ConsoleApplication1\ConsoleApplication1.cpp(9,57): warning C4309: 'inicializando': truncamiento de valor constante
C:\Users\gerar\OneDrive\Documents\GitHub\Ahorcado_Lupion_Gerard_DeLaTorre_Nathaniel\ConsoleApplication1\ConsoleApplication1\ConsoleApplication1.cpp(9,63): warning C4838: la conversión de 'int' en 'char' requiere una conversión de restricción
C:\Users\gerar\OneDrive\Documents\GitHub\Ahorcado_Lupion_Gerard_DeLaTorre_Nathaniel\ConsoleApplication1\ConsoleApplication1\ConsoleApplication1.cpp(9,63): warning C4305: 'inicializando': truncamiento de 'int' a 'char'
C:\Users\gerar\OneDrive\Documents\GitHub\Ahorcado_Lupion_Gerard_DeLaTorre_Nathaniel\ConsoleApplication1\ConsoleApplication1\ConsoleApplication1.cpp(9,63): warning C4309: 'inicializando': truncamiento de valor constante
C:\Users\gerar\OneDrive\Documents\GitHub\Ahorcado_Lupion_Gerard_DeLaTorre_Nathaniel\ConsoleApplication1\ConsoleApplication1\ConsoleApplication1.cpp(10,9): warning C4838: la conversión de 'int' en 'char' requiere una conversión de restricción
C:\Users\gerar\OneDrive\Documents\GitHub\Ahorcado_Lupion_Gerard_DeLaTorre_Nathaniel\ConsoleApplication1\ConsoleApplication1\ConsoleApplication1.cpp(10,9): warning C4305: 'inicializando': truncamiento de 'int' a 'char'
C:\Users\gerar\OneDrive\Documents\GitHub\Ahorcado_Lupion_Gerard_DeLaTorre_Nathaniel\ConsoleApplication1\ConsoleApplication1\ConsoleApplication1.cpp(10,9): warning C4309: 'inicializando': truncamiento de valor constante
C:\Users\gerar\OneDrive\Documents\GitHub\Ahorcado_Lupion_Gerard_DeLaTorre_Nathaniel\ConsoleApplication1\ConsoleApplication1\ConsoleApplication1.cpp(10,15): warning C4838: la conversión de 'int' en 'char' requiere una conversión de restricción
C:\Users\gerar\OneDrive\Documents\GitHub\Ahorcado_Lupion_Gerard_DeLaTorre_Nathaniel\ConsoleApplication1\ConsoleApplication1\ConsoleApplication1.cpp(10,15): warning C4305: 'inicializando': truncamiento de 'int' a 'char'
C:\Users\gerar\OneDrive\Documents\GitHub\Ahorcado_Lupion_Gerard_DeLaTorre_Nathaniel\ConsoleApplication1\ConsoleApplication1\ConsoleApplication1.cpp(10,15): warning C4309: 'inicializando': truncamiento de valor constante
C:\Users\gerar\OneDrive\Documents\GitHub\Ahorcado_Lupion_Gerard_DeLaTorre_Nathaniel\ConsoleApplication1\ConsoleApplication1\ConsoleApplication1.cpp(10,21): warning C4838: la conversión de 'int' en 'char' requiere una conversión de restricción
C:\Users\gerar\OneDrive\Documents\GitHub\Ahorcado_Lupion_Gerard_DeLaTorre_Nathaniel\ConsoleApplication1\ConsoleApplication1\ConsoleApplication1.cpp(10,21): warning C4305: 'inicializando': truncamiento de 'int' a 'char'
C:\Users\gerar\OneDrive\Documents\GitHub\Ahorcado_Lupion_Gerard_DeLaTorre_Nathaniel\ConsoleApplication1\ConsoleApplication1\ConsoleApplication1.cpp(10,21): warning C4309: 'inicializando': truncamiento de valor constante
C:\Users\gerar\OneDrive\Documents\GitHub\Ahorcado_Lupion_Gerard_DeLaTorre_Nathaniel\ConsoleApplication1\ConsoleApplication1\ConsoleApplication1.cpp(10,27): warning C4838: la conversión de 'int' en 'char' requiere una conversión de restricción
C:\Users\gerar\OneDrive\Documents\GitHub\Ahorcado_Lupion_Gerard_DeLaTorre_Nathaniel\ConsoleApplication1\ConsoleApplication1\ConsoleApplication1.cpp(10,27): warning C4305: 'inicializando': truncamiento de 'int' a 'char'
C:\Users\gerar\OneDrive\Documents\GitHub\Ahorcado_Lupion_Gerard_DeLaTorre_Nathaniel\ConsoleApplication1\ConsoleApplication1\ConsoleApplication1.cpp(10,27): warning C4309: 'inicializando': truncamiento de valor constante
C:\Users\gerar\OneDrive\Documents\GitHub\Ahorcado_Lupion_Gerard_DeLaTorre_Nathaniel\ConsoleApplication1\ConsoleApplication1\ConsoleApplication1.cpp(10,33): warning C4838: la conversión de 'int' en 'char' requiere una conversión de restricción
C:\Users\gerar\OneDrive\Documents\GitHub\Ahorcado_Lupion_Gerard_DeLaTorre_Nathaniel\ConsoleApplication1\ConsoleApplication1\ConsoleApplication1.cpp(10,33): warning C4305: 'inicializando': truncamiento de 'int' a 'char'
C:\Users\gerar\OneDrive\Documents\GitHub\Ahorcado_Lupion_Gerard_DeLaTorre_Nathaniel\ConsoleApplication1\ConsoleApplication1\ConsoleApplication1.cpp(10,33): warning C4309: 'inicializando': truncamiento de valor constante
C:\Users\gerar\OneDrive\Documents\GitHub\Ahorcado_Lupion_Gerard_DeLaTorre_Nathaniel\ConsoleApplication1\ConsoleApplication1\ConsoleApplication1.cpp(10,39): warning C4838: la conversión de 'int' en 'char' requiere una conversión de restricción
C:\Users\gerar\OneDrive\Documents\GitHub\Ahorcado_Lupion_Gerard_DeLaTorre_Nathaniel\ConsoleApplication1\ConsoleApplication1\ConsoleApplication1.cpp(10,39): warning C4305: 'inicializando': truncamiento de 'int' a 'char'
C:\Users\gerar\OneDrive\Documents\GitHub\Ahorcado_Lupion_Gerard_DeLaTorre_Nathaniel\ConsoleApplication1\ConsoleApplication1\ConsoleApplication1.cpp(10,39): warning C4309: 'inicializando': truncamiento de valor constante
C:\Users\gerar\OneDrive\Documents\GitHub\Ahorcado_Lupion_Gerard_DeLaTorre_Nathaniel\ConsoleApplication1\ConsoleApplication1\ConsoleApplication1.cpp(10,45): warning C4838: la conversión de 'int' en 'char' requiere una conversión de restricción
C:\Users\gerar\OneDrive\Documents\GitHub\Ahorcado_Lupion_Gerard_DeLaTorre_Nathaniel\ConsoleApplication1\ConsoleApplication1\ConsoleApplication1.cpp(10,45): warning C4305: 'inicializando': truncamiento de 'int' a 'char'
C:\Users\gerar\OneDrive\Documents\GitHub\Ahorcado_Lupion_Gerard_DeLaTorre_Nathaniel\ConsoleApplication1\ConsoleApplication1\ConsoleApplication1.cpp(10,45): warning C4309: 'inicializando': truncamiento de valor constante
C:\Users\gerar\OneDrive\Documents\GitHub\Ahorcado_Lupion_Gerard_DeLaTorre_Nathaniel\ConsoleApplication1\ConsoleApplication1\ConsoleApplication1.cpp(10,51): warning C4838: la conversión de 'int' en 'char' requiere una conversión de restricción
C:\Users\gerar\OneDrive\Documents\GitHub\Ahorcado_Lupion_Gerard_DeLaTorre_Nathaniel\ConsoleApplication1\ConsoleApplication1\ConsoleApplication1.cpp(10,51): warning C4305: 'inicializando': truncamiento de 'int' a 'char'
C:\Users\gerar\OneDrive\Documents\GitHub\Ahorcado_Lupion_Gerard_DeLaTorre_Nathaniel\ConsoleApplication1\ConsoleApplication1\ConsoleApplication1.cpp(10,51): warning C4309: 'inicializando': truncamiento de valor constante
C:\Users\gerar\OneDrive\Documents\GitHub\Ahorcado_Lupion_Gerard_DeLaTorre_Nathaniel\ConsoleApplication1\ConsoleApplication1\ConsoleApplication1.cpp(10,57): warning C4838: la conversión de 'int' en 'char' requiere una conversión de restricción
C:\Users\gerar\OneDrive\Documents\GitHub\Ahorcado_Lupion_Gerard_DeLaTorre_Nathaniel\ConsoleApplication1\ConsoleApplication1\ConsoleApplication1.cpp(10,57): warning C4305: 'inicializando': truncamiento de 'int' a 'char'
C:\Users\gerar\OneDrive\Documents\GitHub\Ahorcado_Lupion_Gerard_DeLaTorre_Nathaniel\ConsoleApplication1\ConsoleApplication1\ConsoleApplication1.cpp(10,57): warning C4309: 'inicializando': truncamiento de valor constante
C:\Users\gerar\OneDrive\Documents\GitHub\Ahorcado_Lupion_Gerard_DeLaTorre_Nathaniel\ConsoleApplication1\ConsoleApplication1\ConsoleApplication1.cpp(10,63): warning C4838: la conversión de 'int' en 'char' requiere una conversión de restricción
C:\Users\gerar\OneDrive\Documents\GitHub\Ahorcado_Lupion_Gerard_DeLaTorre_Nathaniel\ConsoleApplication1\ConsoleApplication1\ConsoleApplication1.cpp(10,63): warning C4305: 'inicializando': truncamiento de 'int' a 'char'
C:\Users\gerar\OneDrive\Documents\GitHub\Ahorcado_Lupion_Gerard_DeLaTorre_Nathaniel\ConsoleApplication1\ConsoleApplication1\ConsoleApplication1.cpp(10,63): warning C4309: 'inicializando': truncamiento de valor constante
C:\Users\gerar\OneDrive\Documents\GitHub\Ahorcado_Lupion_Gerard_DeLaTorre_Nathaniel\ConsoleApplication1\ConsoleApplication1\ConsoleApplication1.cpp(11,9): warning C4838: la conversión de 'int' en 'char' requiere una conversión de restricción
C:\Users\gerar\OneDrive\Documents\GitHub\Ahorcado_Lupion_Gerard_DeLaTorre_Nathaniel\ConsoleApplication1\ConsoleApplication1\ConsoleApplication1.cpp(11,9): warning C4305: 'inicializando': truncamiento de 'int' a 'char'
C:\Users\gerar\OneDrive\Documents\GitHub\Ahorcado_Lupion_Gerard_DeLaTorre_Nathaniel\ConsoleApplication1\ConsoleApplication1\ConsoleApplication1.cpp(11,9): warning C4309: 'inicializando': truncamiento de valor constante
C:\Users\gerar\OneDrive\Documents\GitHub\Ahorcado_Lupion_Gerard_DeLaTorre_Nathaniel\ConsoleApplication1\ConsoleApplication1\ConsoleApplication1.cpp(11,15): warning C4838: la conversión de 'int' en 'char' requiere una conversión de restricción
C:\Users\gerar\OneDrive\Documents\GitHub\Ahorcado_Lupion_Gerard_DeLaTorre_Nathaniel\ConsoleApplication1\ConsoleApplication1\ConsoleApplication1.cpp(11,15): warning C4305: 'inicializando': truncamiento de 'int' a 'char'
C:\Users\gerar\OneDrive\Documents\GitHub\Ahorcado_Lupion_Gerard_DeLaTorre_Nathaniel\ConsoleApplication1\ConsoleApplication1\ConsoleApplication1.cpp(11,15): warning C4309: 'inicializando': truncamiento de valor constante
C:\Users\gerar\OneDrive\Documents\GitHub\Ahorcado_Lupion_Gerard_DeLaTorre_Nathaniel\ConsoleApplication1\ConsoleApplication1\ConsoleApplication1.cpp(11,21): warning C4838: la conversión de 'int' en 'char' requiere una conversión de restricción
C:\Users\gerar\OneDrive\Documents\GitHub\Ahorcado_Lupion_Gerard_DeLaTorre_Nathaniel\ConsoleApplication1\ConsoleApplication1\ConsoleApplication1.cpp(11,21): warning C4305: 'inicializando': truncamiento de 'int' a 'char'
C:\Users\gerar\OneDrive\Documents\GitHub\Ahorcado_Lupion_Gerard_DeLaTorre_Nathaniel\ConsoleApplication1\ConsoleApplication1\ConsoleApplication1.cpp(11,21): warning C4309: 'inicializando': truncamiento de valor constante
C:\Users\gerar\OneDrive\Documents\GitHub\Ahorcado_Lupion_Gerard_DeLaTorre_Nathaniel\ConsoleApplication1\ConsoleApplication1\ConsoleApplication1.cpp(11,27): warning C4838: la conversión de 'int' en 'char' requiere una conversión de restricción
C:\Users\gerar\OneDrive\Documents\GitHub\Ahorcado_Lupion_Gerard_DeLaTorre_Nathaniel\ConsoleApplication1\ConsoleApplication1\ConsoleApplication1.cpp(11,27): warning C4305: 'inicializando': truncamiento de 'int' a 'char'
C:\Users\gerar\OneDrive\Documents\GitHub\Ahorcado_Lupion_Gerard_DeLaTorre_Nathaniel\ConsoleApplication1\ConsoleApplication1\ConsoleApplication1.cpp(11,27): warning C4309: 'inicializando': truncamiento de valor constante
C:\Users\gerar\OneDrive\Documents\GitHub\Ahorcado_Lupion_Gerard_DeLaTorre_Nathaniel\ConsoleApplication1\ConsoleApplication1\ConsoleApplication1.cpp(11,33): warning C4838: la conversión de 'int' en 'char' requiere una conversión de restricción
C:\Users\gerar\OneDrive\Documents\GitHub\Ahorcado_Lupion_Gerard_DeLaTorre_Nathaniel\ConsoleApplication1\ConsoleApplication1\ConsoleApplication1.cpp(11,33): warning C4305: 'inicializando': truncamiento de 'int' a 'char'
C:\Users\gerar\OneDrive\Documents\GitHub\Ahorcado_Lupion_Gerard_DeLaTorre_Nathaniel\ConsoleApplication1\ConsoleApplication1\ConsoleApplication1.cpp(11,33): warning C4309: 'inicializando': truncamiento de valor constante
C:\Users\gerar\OneDrive\Documents\GitHub\Ahorcado_Lupion_Gerard_DeLaTorre_Nathaniel\ConsoleApplication1\ConsoleApplication1\ConsoleApplication1.cpp(11,39): warning C4838: la conversión de 'int' en 'char' requiere una conversión de restricción
C:\Users\gerar\OneDrive\Documents\GitHub\Ahorcado_Lupion_Gerard_DeLaTorre_Nathaniel\ConsoleApplication1\ConsoleApplication1\ConsoleApplication1.cpp(11,39): warning C4305: 'inicializando': truncamiento de 'int' a 'char'
C:\Users\gerar\OneDrive\Documents\GitHub\Ahorcado_Lupion_Gerard_DeLaTorre_Nathaniel\ConsoleApplication1\ConsoleApplication1\ConsoleApplication1.cpp(11,39): warning C4309: 'inicializando': truncamiento de valor constante
C:\Users\gerar\OneDrive\Documents\GitHub\Ahorcado_Lupion_Gerard_DeLaTorre_Nathaniel\ConsoleApplication1\ConsoleApplication1\ConsoleApplication1.cpp(11,45): warning C4838: la conversión de 'int' en 'char' requiere una conversión de restricción
C:\Users\gerar\OneDrive\Documents\GitHub\Ahorcado_Lupion_Gerard_DeLaTorre_Nathaniel\ConsoleApplication1\ConsoleApplication1\ConsoleApplication1.cpp(11,45): warning C4305: 'inicializando': truncamiento de 'int' a 'char'
C:\Users\gerar\OneDrive\Documents\GitHub\Ahorcado_Lupion_Gerard_DeLaTorre_Nathaniel\ConsoleApplication1\ConsoleApplication1\ConsoleApplication1.cpp(11,45): warning C4309: 'inicializando': truncamiento de valor constante
C:\Users\gerar\OneDrive\Documents\GitHub\Ahorcado_Lupion_Gerard_DeLaTorre_Nathaniel\ConsoleApplication1\ConsoleApplication1\ConsoleApplication1.cpp(11,51): warning C4838: la conversión de 'int' en 'char' requiere una conversión de restricción
C:\Users\gerar\OneDrive\Documents\GitHub\Ahorcado_Lupion_Gerard_DeLaTorre_Nathaniel\ConsoleApplication1\ConsoleApplication1\ConsoleApplication1.cpp(11,51): warning C4305: 'inicializando': truncamiento de 'int' a 'char'
C:\Users\gerar\OneDrive\Documents\GitHub\Ahorcado_Lupion_Gerard_DeLaTorre_Nathaniel\ConsoleApplication1\ConsoleApplication1\ConsoleApplication1.cpp(11,51): warning C4309: 'inicializando': truncamiento de valor constante
C:\Users\gerar\OneDrive\Documents\GitHub\Ahorcado_Lupion_Gerard_DeLaTorre_Nathaniel\ConsoleApplication1\ConsoleApplication1\ConsoleApplication1.cpp(11,57): warning C4838: la conversión de 'int' en 'char' requiere una conversión de restricción
C:\Users\gerar\OneDrive\Documents\GitHub\Ahorcado_Lupion_Gerard_DeLaTorre_Nathaniel\ConsoleApplication1\ConsoleApplication1\ConsoleApplication1.cpp(11,57): warning C4305: 'inicializando': truncamiento de 'int' a 'char'
C:\Users\gerar\OneDrive\Documents\GitHub\Ahorcado_Lupion_Gerard_DeLaTorre_Nathaniel\ConsoleApplication1\ConsoleApplication1\ConsoleApplication1.cpp(11,57): warning C4309: 'inicializando': truncamiento de valor constante
C:\Users\gerar\OneDrive\Documents\GitHub\Ahorcado_Lupion_Gerard_DeLaTorre_Nathaniel\ConsoleApplication1\ConsoleApplication1\ConsoleApplication1.cpp(11,63): warning C4838: la conversión de 'int' en 'char' requiere una conversión de restricción
C:\Users\gerar\OneDrive\Documents\GitHub\Ahorcado_Lupion_Gerard_DeLaTorre_Nathaniel\ConsoleApplication1\ConsoleApplication1\ConsoleApplication1.cpp(11,63): warning C4305: 'inicializando': truncamiento de 'int' a 'char'
C:\Users\gerar\OneDrive\Documents\GitHub\Ahorcado_Lupion_Gerard_DeLaTorre_Nathaniel\ConsoleApplication1\ConsoleApplication1\ConsoleApplication1.cpp(11,63): warning C4309: 'inicializando': truncamiento de valor constante
C:\Users\gerar\OneDrive\Documents\GitHub\Ahorcado_Lupion_Gerard_DeLaTorre_Nathaniel\ConsoleApplication1\ConsoleApplication1\ConsoleApplication1.cpp(12,9): warning C4838: la conversión de 'int' en 'char' requiere una conversión de restricción
C:\Users\gerar\OneDrive\Documents\GitHub\Ahorcado_Lupion_Gerard_DeLaTorre_Nathaniel\ConsoleApplication1\ConsoleApplication1\ConsoleApplication1.cpp(12,9): warning C4305: 'inicializando': truncamiento de 'int' a 'char'
C:\Users\gerar\OneDrive\Documents\GitHub\Ahorcado_Lupion_Gerard_DeLaTorre_Nathaniel\ConsoleApplication1\ConsoleApplication1\ConsoleApplication1.cpp(12,9): warning C4309: 'inicializando': truncamiento de valor constante
C:\Users\gerar\OneDrive\Documents\GitHub\Ahorcado_Lupion_Gerard_DeLaTorre_Nathaniel\ConsoleApplication1\ConsoleApplication1\ConsoleApplication1.cpp(12,15): warning C4838: la conversión de 'int' en 'char' requiere una conversión de restricción
C:\Users\gerar\OneDrive\Documents\GitHub\Ahorcado_Lupion_Gerard_DeLaTorre_Nathaniel\ConsoleApplication1\ConsoleApplication1\ConsoleApplication1.cpp(12,15): warning C4305: 'inicializando': truncamiento de 'int' a 'char'
C:\Users\gerar\OneDrive\Documents\GitHub\Ahorcado_Lupion_Gerard_DeLaTorre_Nathaniel\ConsoleApplication1\ConsoleApplication1\ConsoleApplication1.cpp(12,15): warning C4309: 'inicializando': truncamiento de valor constante
C:\Users\gerar\OneDrive\Documents\GitHub\Ahorcado_Lupion_Gerard_DeLaTorre_Nathaniel\ConsoleApplication1\ConsoleApplication1\ConsoleApplication1.cpp(12,21): warning C4838: la conversión de 'int' en 'char' requiere una conversión de restricción
C:\Users\gerar\OneDrive\Documents\GitHub\Ahorcado_Lupion_Gerard_DeLaTorre_Nathaniel\ConsoleApplication1\ConsoleApplication1\ConsoleApplication1.cpp(12,21): warning C4305: 'inicializando': truncamiento de 'int' a 'char'
C:\Users\gerar\OneDrive\Documents\GitHub\Ahorcado_Lupion_Gerard_DeLaTorre_Nathaniel\ConsoleApplication1\ConsoleApplication1\ConsoleApplication1.cpp(12,21): warning C4309: 'inicializando': truncamiento de valor constante
C:\Users\gerar\OneDrive\Documents\GitHub\Ahorcado_Lupion_Gerard_DeLaTorre_Nathaniel\ConsoleApplication1\ConsoleApplication1\ConsoleApplication1.cpp(12,27): warning C4838: la conversión de 'int' en 'char' requiere una conversión de restricción
C:\Users\gerar\OneDrive\Documents\GitHub\Ahorcado_Lupion_Gerard_DeLaTorre_Nathaniel\ConsoleApplication1\ConsoleApplication1\ConsoleApplication1.cpp(12,27): warning C4305: 'inicializando': truncamiento de 'int' a 'char'
C:\Users\gerar\OneDrive\Documents\GitHub\Ahorcado_Lupion_Gerard_DeLaTorre_Nathaniel\ConsoleApplication1\ConsoleApplication1\ConsoleApplication1.cpp(12,27): warning C4309: 'inicializando': truncamiento de valor constante
C:\Users\gerar\OneDrive\Documents\GitHub\Ahorcado_Lupion_Gerard_DeLaTorre_Nathaniel\ConsoleApplication1\ConsoleApplication1\ConsoleApplication1.cpp(12,33): warning C4838: la conversión de 'int' en 'char' requiere una conversión de restricción
C:\Users\gerar\OneDrive\Documents\GitHub\Ahorcado_Lupion_Gerard_DeLaTorre_Nathaniel\ConsoleApplication1\ConsoleApplication1\ConsoleApplication1.cpp(12,33): warning C4305: 'inicializando': truncamiento de 'int' a 'char'
C:\Users\gerar\OneDrive\Documents\GitHub\Ahorcado_Lupion_Gerard_DeLaTorre_Nathaniel\ConsoleApplication1\ConsoleApplication1\ConsoleApplication1.cpp(12,33): warning C4309: 'inicializando': truncamiento de valor constante
C:\Users\gerar\OneDrive\Documents\GitHub\Ahorcado_Lupion_Gerard_DeLaTorre_Nathaniel\ConsoleApplication1\ConsoleApplication1\ConsoleApplication1.cpp(12,39): warning C4838: la conversión de 'int' en 'char' requiere una conversión de restricción
C:\Users\gerar\OneDrive\Documents\GitHub\Ahorcado_Lupion_Gerard_DeLaTorre_Nathaniel\ConsoleApplication1\ConsoleApplication1\ConsoleApplication1.cpp(12,39): warning C4305: 'inicializando': truncamiento de 'int' a 'char'
C:\Users\gerar\OneDrive\Documents\GitHub\Ahorcado_Lupion_Gerard_DeLaTorre_Nathaniel\ConsoleApplication1\ConsoleApplication1\ConsoleApplication1.cpp(12,39): warning C4309: 'inicializando': truncamiento de valor constante
C:\Users\gerar\OneDrive\Documents\GitHub\Ahorcado_Lupion_Gerard_DeLaTorre_Nathaniel\ConsoleApplication1\ConsoleApplication1\ConsoleApplication1.cpp(12,45): warning C4838: la conversión de 'int' en 'char' requiere una conversión de restricción
C:\Users\gerar\OneDrive\Documents\GitHub\Ahorcado_Lupion_Gerard_DeLaTorre_Nathaniel\ConsoleApplication1\ConsoleApplication1\ConsoleApplication1.cpp(12,45): warning C4305: 'inicializando': truncamiento de 'int' a 'char'
C:\Users\gerar\OneDrive\Documents\GitHub\Ahorcado_Lupion_Gerard_DeLaTorre_Nathaniel\ConsoleApplication1\ConsoleApplication1\ConsoleApplication1.cpp(12,45): warning C4309: 'inicializando': truncamiento de valor constante
C:\Users\gerar\OneDrive\Documents\GitHub\Ahorcado_Lupion_Gerard_DeLaTorre_Nathaniel\ConsoleApplication1\ConsoleApplication1\ConsoleApplication1.cpp(12,51): warning C4838: la conversión de 'int' en 'char' requiere una conversión de restricción
C:\Users\gerar\OneDrive\Documents\GitHub\Ahorcado_Lupion_Gerard_DeLaTorre_Nathaniel\ConsoleApplication1\ConsoleApplication1\ConsoleApplication1.cpp(12,51): warning C4305: 'inicializando': truncamiento de 'int' a 'char'
C:\Users\gerar\OneDrive\Documents\GitHub\Ahorcado_Lupion_Gerard_DeLaTorre_Nathaniel\ConsoleApplication1\ConsoleApplication1\ConsoleApplication1.cpp(12,51): warning C4309: 'inicializando': truncamiento de valor constante
C:\Users\gerar\OneDrive\Documents\GitHub\Ahorcado_Lupion_Gerard_DeLaTorre_Nathaniel\ConsoleApplication1\ConsoleApplication1\ConsoleApplication1.cpp(12,57): warning C4838: la conversión de 'int' en 'char' requiere una conversión de restricción
C:\Users\gerar\OneDrive\Documents\GitHub\Ahorcado_Lupion_Gerard_DeLaTorre_Nathaniel\ConsoleApplication1\ConsoleApplication1\ConsoleApplication1.cpp(12,57): warning C4305: 'inicializando': truncamiento de 'int' a 'char'
C:\Users\gerar\OneDrive\Documents\GitHub\Ahorcado_Lupion_Gerard_DeLaTorre_Nathaniel\ConsoleApplication1\ConsoleApplication1\ConsoleApplication1.cpp(12,57): warning C4309: 'inicializando': truncamiento de valor constante
C:\Users\gerar\OneDrive\Documents\GitHub\Ahorcado_Lupion_Gerard_DeLaTorre_Nathaniel\ConsoleApplication1\ConsoleApplication1\ConsoleApplication1.cpp(12,63): warning C4838: la conversión de 'int' en 'char' requiere una conversión de restricción
C:\Users\gerar\OneDrive\Documents\GitHub\Ahorcado_Lupion_Gerard_DeLaTorre_Nathaniel\ConsoleApplication1\ConsoleApplication1\ConsoleApplication1.cpp(12,63): warning C4305: 'inicializando': truncamiento de 'int' a 'char'
C:\Users\gerar\OneDrive\Documents\GitHub\Ahorcado_Lupion_Gerard_DeLaTorre_Nathaniel\ConsoleApplication1\ConsoleApplication1\ConsoleApplication1.cpp(12,63): warning C4309: 'inicializando': truncamiento de valor constante
C:\Users\gerar\OneDrive\Documents\GitHub\Ahorcado_Lupion_Gerard_DeLaTorre_Nathaniel\ConsoleApplication1\ConsoleApplication1\ConsoleApplication1.cpp(13,9): warning C4838: la conversión de 'int' en 'char' requiere una conversión de restricción
C:\Users\gerar\OneDrive\Documents\GitHub\Ahorcado_Lupion_Gerard_DeLaTorre_Nathaniel\ConsoleApplication1\ConsoleApplication1\ConsoleApplication1.cpp(13,9): warning C4305: 'inicializando': truncamiento de 'int' a 'char'
C:\Users\gerar\OneDrive\Documents\GitHub\Ahorcado_Lupion_Gerard_DeLaTorre_Nathaniel\ConsoleApplication1\ConsoleApplication1\ConsoleApplication1.cpp(13,9): warning C4309: 'inicializando': truncamiento de valor constante
C:\Users\gerar\OneDrive\Documents\GitHub\Ahorcado_Lupion_Gerard_DeLaTorre_Nathaniel\ConsoleApplication1\ConsoleApplication1\ConsoleApplication1.cpp(13,15): warning C4838: la conversión de 'int' en 'char' requiere una conversión de restricción
C:\Users\gerar\OneDrive\Documents\GitHub\Ahorcado_Lupion_Gerard_DeLaTorre_Nathaniel\ConsoleApplication1\ConsoleApplication1\ConsoleApplication1.cpp(13,15): warning C4305: 'inicializando': truncamiento de 'int' a 'char'
C:\Users\gerar\OneDrive\Documents\GitHub\Ahorcado_Lupion_Gerard_DeLaTorre_Nathaniel\ConsoleApplication1\ConsoleApplication1\ConsoleApplication1.cpp(13,15): warning C4309: 'inicializando': truncamiento de valor constante
C:\Users\gerar\OneDrive\Documents\GitHub\Ahorcado_Lupion_Gerard_DeLaTorre_Nathaniel\ConsoleApplication1\ConsoleApplication1\ConsoleApplication1.cpp(13,21): warning C4838: la conversión de 'int' en 'char' requiere una conversión de restricción
C:\Users\gerar\OneDrive\Documents\GitHub\Ahorcado_Lupion_Gerard_DeLaTorre_Nathaniel\ConsoleApplication1\ConsoleApplication1\ConsoleApplication1.cpp(13,21): warning C4305: 'inicializando': truncamiento de 'int' a 'char'
C:\Users\gerar\OneDrive\Documents\GitHub\Ahorcado_Lupion_Gerard_DeLaTorre_Nathaniel\ConsoleApplication1\ConsoleApplication1\ConsoleApplication1.cpp(13,21): warning C4309: 'inicializando': truncamiento de valor constante
C:\Users\gerar\OneDrive\Documents\GitHub\Ahorcado_Lupion_Gerard_DeLaTorre_Nathaniel\ConsoleApplication1\ConsoleApplication1\ConsoleApplication1.cpp(13,27): warning C4838: la conversión de 'int' en 'char' requiere una conversión de restricción
C:\Users\gerar\OneDrive\Documents\GitHub\Ahorcado_Lupion_Gerard_DeLaTorre_Nathaniel\ConsoleApplication1\ConsoleApplication1\ConsoleApplication1.cpp(13,27): warning C4305: 'inicializando': truncamiento de 'int' a 'char'
C:\Users\gerar\OneDrive\Documents\GitHub\Ahorcado_Lupion_Gerard_DeLaTorre_Nathaniel\ConsoleApplication1\ConsoleApplication1\ConsoleApplication1.cpp(13,27): warning C4309: 'inicializando': truncamiento de valor constante
C:\Users\gerar\OneDrive\Documents\GitHub\Ahorcado_Lupion_Gerard_DeLaTorre_Nathaniel\ConsoleApplication1\ConsoleApplication1\ConsoleApplication1.cpp(13,33): warning C4838: la conversión de 'int' en 'char' requiere una conversión de restricción
C:\Users\gerar\OneDrive\Documents\GitHub\Ahorcado_Lupion_Gerard_DeLaTorre_Nathaniel\ConsoleApplication1\ConsoleApplication1\ConsoleApplication1.cpp(13,33): warning C4305: 'inicializando': truncamiento de 'int' a 'char'
C:\Users\gerar\OneDrive\Documents\GitHub\Ahorcado_Lupion_Gerard_DeLaTorre_Nathaniel\ConsoleApplication1\ConsoleApplication1\ConsoleApplication1.cpp(13,33): warning C4309: 'inicializando': truncamiento de valor constante
C:\Users\gerar\OneDrive\Documents\GitHub\Ahorcado_Lupion_Gerard_DeLaTorre_Nathaniel\ConsoleApplication1\ConsoleApplication1\ConsoleApplication1.cpp(13,39): warning C4838: la conversión de 'int' en 'char' requiere una conversión de restricción
C:\Users\gerar\OneDrive\Documents\GitHub\Ahorcado_Lupion_Gerard_DeLaTorre_Nathaniel\ConsoleApplication1\ConsoleApplication1\ConsoleApplication1.cpp(13,39): warning C4305: 'inicializando': truncamiento de 'int' a 'char'
C:\Users\gerar\OneDrive\Documents\GitHub\Ahorcado_Lupion_Gerard_DeLaTorre_Nathaniel\ConsoleApplication1\ConsoleApplication1\ConsoleApplication1.cpp(13,39): warning C4309: 'inicializando': truncamiento de valor constante
C:\Users\gerar\OneDrive\Documents\GitHub\Ahorcado_Lupion_Gerard_DeLaTorre_Nathaniel\ConsoleApplication1\ConsoleApplication1\ConsoleApplication1.cpp(13,45): warning C4838: la conversión de 'int' en 'char' requiere una conversión de restricción
C:\Users\gerar\OneDrive\Documents\GitHub\Ahorcado_Lupion_Gerard_DeLaTorre_Nathaniel\ConsoleApplication1\ConsoleApplication1\ConsoleApplication1.cpp(13,45): warning C4305: 'inicializando': truncamiento de 'int' a 'char'
C:\Users\gerar\OneDrive\Documents\GitHub\Ahorcado_Lupion_Gerard_DeLaTorre_Nathaniel\ConsoleApplication1\ConsoleApplication1\ConsoleApplication1.cpp(13,45): warning C4309: 'inicializando': truncamiento de valor constante
C:\Users\gerar\OneDrive\Documents\GitHub\Ahorcado_Lupion_Gerard_DeLaTorre_Nathaniel\ConsoleApplication1\ConsoleApplication1\ConsoleApplication1.cpp(13,51): warning C4838: la conversión de 'int' en 'char' requiere una conversión de restricción
C:\Users\gerar\OneDrive\Documents\GitHub\Ahorcado_Lupion_Gerard_DeLaTorre_Nathaniel\ConsoleApplication1\ConsoleApplication1\ConsoleApplication1.cpp(13,51): warning C4305: 'inicializando': truncamiento de 'int' a 'char'
C:\Users\gerar\OneDrive\Documents\GitHub\Ahorcado_Lupion_Gerard_DeLaTorre_Nathaniel\ConsoleApplication1\ConsoleApplication1\ConsoleApplication1.cpp(13,51): warning C4309: 'inicializando': truncamiento de valor constante
C:\Users\gerar\OneDrive\Documents\GitHub\Ahorcado_Lupion_Gerard_DeLaTorre_Nathaniel\ConsoleApplication1\ConsoleApplication1\ConsoleApplication1.cpp(13,57): warning C4838: la conversión de 'int' en 'char' requiere una conversión de restricción
C:\Users\gerar\OneDrive\Documents\GitHub\Ahorcado_Lupion_Gerard_DeLaTorre_Nathaniel\ConsoleApplication1\ConsoleApplication1\ConsoleApplication1.cpp(13,57): warning C4305: 'inicializando': truncamiento de 'int' a 'char'
C:\Users\gerar\OneDrive\Documents\GitHub\Ahorcado_Lupion_Gerard_DeLaTorre_Nathaniel\ConsoleApplication1\ConsoleApplication1\ConsoleApplication1.cpp(13,57): warning C4309: 'inicializando': truncamiento de valor constante
C:\Users\gerar\OneDrive\Documents\GitHub\Ahorcado_Lupion_Gerard_DeLaTorre_Nathaniel\ConsoleApplication1\ConsoleApplication1\ConsoleApplication1.cpp(13,63): warning C4838: la conversión de 'int' en 'char' requiere una conversión de restricción
C:\Users\gerar\OneDrive\Documents\GitHub\Ahorcado_Lupion_Gerard_DeLaTorre_Nathaniel\ConsoleApplication1\ConsoleApplication1\ConsoleApplication1.cpp(13,63): warning C4305: 'inicializando': truncamiento de 'int' a 'char'
C:\Users\gerar\OneDrive\Documents\GitHub\Ahorcado_Lupion_Gerard_DeLaTorre_Nathaniel\ConsoleApplication1\ConsoleApplication1\ConsoleApplication1.cpp(13,63): warning C4309: 'inicializando': truncamiento de valor constante
C:\Users\gerar\OneDrive\Documents\GitHub\Ahorcado_Lupion_Gerard_DeLaTorre_Nathaniel\ConsoleApplication1\ConsoleApplication1\ConsoleApplication1.cpp(14,9): warning C4838: la conversión de 'int' en 'char' requiere una conversión de restricción
C:\Users\gerar\OneDrive\Documents\GitHub\Ahorcado_Lupion_Gerard_DeLaTorre_Nathaniel\ConsoleApplication1\ConsoleApplication1\ConsoleApplication1.cpp(14,9): warning C4305: 'inicializando': truncamiento de 'int' a 'char'
C:\Users\gerar\OneDrive\Documents\GitHub\Ahorcado_Lupion_Gerard_DeLaTorre_Nathaniel\ConsoleApplication1\ConsoleApplication1\ConsoleApplication1.cpp(14,9): warning C4309: 'inicializando': truncamiento de valor constante
C:\Users\gerar\OneDrive\Documents\GitHub\Ahorcado_Lupion_Gerard_DeLaTorre_Nathaniel\ConsoleApplication1\ConsoleApplication1\ConsoleApplication1.cpp(14,15): warning C4838: la conversión de 'int' en 'char' requiere una conversión de restricción
C:\Users\gerar\OneDrive\Documents\GitHub\Ahorcado_Lupion_Gerard_DeLaTorre_Nathaniel\ConsoleApplication1\ConsoleApplication1\ConsoleApplication1.cpp(14,15): warning C4305: 'inicializando': truncamiento de 'int' a 'char'
C:\Users\gerar\OneDrive\Documents\GitHub\Ahorcado_Lupion_Gerard_DeLaTorre_Nathaniel\ConsoleApplication1\ConsoleApplication1\ConsoleApplication1.cpp(14,15): warning C4309: 'inicializando': truncamiento de valor constante
C:\Users\gerar\OneDrive\Documents\GitHub\Ahorcado_Lupion_Gerard_DeLaTorre_Nathaniel\ConsoleApplication1\ConsoleApplication1\ConsoleApplication1.cpp(14,21): warning C4838: la conversión de 'int' en 'char' requiere una conversión de restricción
C:\Users\gerar\OneDrive\Documents\GitHub\Ahorcado_Lupion_Gerard_DeLaTorre_Nathaniel\ConsoleApplication1\ConsoleApplication1\ConsoleApplication1.cpp(14,21): warning C4305: 'inicializando': truncamiento de 'int' a 'char'
C:\Users\gerar\OneDrive\Documents\GitHub\Ahorcado_Lupion_Gerard_DeLaTorre_Nathaniel\ConsoleApplication1\ConsoleApplication1\ConsoleApplication1.cpp(14,21): warning C4309: 'inicializando': truncamiento de valor constante
C:\Users\gerar\OneDrive\Documents\GitHub\Ahorcado_Lupion_Gerard_DeLaTorre_Nathaniel\ConsoleApplication1\ConsoleApplication1\ConsoleApplication1.cpp(14,27): warning C4838: la conversión de 'int' en 'char' requiere una conversión de restricción
C:\Users\gerar\OneDrive\Documents\GitHub\Ahorcado_Lupion_Gerard_DeLaTorre_Nathaniel\ConsoleApplication1\ConsoleApplication1\ConsoleApplication1.cpp(14,27): warning C4305: 'inicializando': truncamiento de 'int' a 'char'
C:\Users\gerar\OneDrive\Documents\GitHub\Ahorcado_Lupion_Gerard_DeLaTorre_Nathaniel\ConsoleApplication1\ConsoleApplication1\ConsoleApplication1.cpp(14,27): warning C4309: 'inicializando': truncamiento de valor constante
C:\Users\gerar\OneDrive\Documents\GitHub\Ahorcado_Lupion_Gerard_DeLaTorre_Nathaniel\ConsoleApplication1\ConsoleApplication1\ConsoleApplication1.cpp(14,33): warning C4838: la conversión de 'int' en 'char' requiere una conversión de restricción
C:\Users\gerar\OneDrive\Documents\GitHub\Ahorcado_Lupion_Gerard_DeLaTorre_Nathaniel\ConsoleApplication1\ConsoleApplication1\ConsoleApplication1.cpp(14,33): warning C4305: 'inicializando': truncamiento de 'int' a 'char'
C:\Users\gerar\OneDrive\Documents\GitHub\Ahorcado_Lupion_Gerard_DeLaTorre_Nathaniel\ConsoleApplication1\ConsoleApplication1\ConsoleApplication1.cpp(14,33): warning C4309: 'inicializando': truncamiento de valor constante
C:\Users\gerar\OneDrive\Documents\GitHub\Ahorcado_Lupion_Gerard_DeLaTorre_Nathaniel\ConsoleApplication1\ConsoleApplication1\ConsoleApplication1.cpp(14,39): warning C4838: la conversión de 'int' en 'char' requiere una conversión de restricción
C:\Users\gerar\OneDrive\Documents\GitHub\Ahorcado_Lupion_Gerard_DeLaTorre_Nathaniel\ConsoleApplication1\ConsoleApplication1\ConsoleApplication1.cpp(14,39): warning C4305: 'inicializando': truncamiento de 'int' a 'char'
C:\Users\gerar\OneDrive\Documents\GitHub\Ahorcado_Lupion_Gerard_DeLaTorre_Nathaniel\ConsoleApplication1\ConsoleApplication1\ConsoleApplication1.cpp(14,39): warning C4309: 'inicializando': truncamiento de valor constante
C:\Users\gerar\OneDrive\Documents\GitHub\Ahorcado_Lupion_Gerard_DeLaTorre_Nathaniel\ConsoleApplication1\ConsoleApplication1\ConsoleApplication1.cpp(14,45): warning C4838: la conversión de 'int' en 'char' requiere una conversión de restricción
C:\Users\gerar\OneDrive\Documents\GitHub\Ahorcado_Lupion_Gerard_DeLaTorre_Nathaniel\ConsoleApplication1\ConsoleApplication1\ConsoleApplication1.cpp(14,45): warning C4305: 'inicializando': truncamiento de 'int' a 'char'
C:\Users\gerar\OneDrive\Documents\GitHub\Ahorcado_Lupion_Gerard_DeLaTorre_Nathaniel\ConsoleApplication1\ConsoleApplication1\ConsoleApplication1.cpp(14,45): warning C4309: 'inicializando': truncamiento de valor constante
C:\Users\gerar\OneDrive\Documents\GitHub\Ahorcado_Lupion_Gerard_DeLaTorre_Nathaniel\ConsoleApplication1\ConsoleApplication1\ConsoleApplication1.cpp(14,51): warning C4838: la conversión de 'int' en 'char' requiere una conversión de restricción
C:\Users\gerar\OneDrive\Documents\GitHub\Ahorcado_Lupion_Gerard_DeLaTorre_Nathaniel\ConsoleApplication1\ConsoleApplication1\ConsoleApplication1.cpp(14,51): warning C4305: 'inicializando': truncamiento de 'int' a 'char'
C:\Users\gerar\OneDrive\Documents\GitHub\Ahorcado_Lupion_Gerard_DeLaTorre_Nathaniel\ConsoleApplication1\ConsoleApplication1\ConsoleApplication1.cpp(14,51): warning C4309: 'inicializando': truncamiento de valor constante
C:\Users\gerar\OneDrive\Documents\GitHub\Ahorcado_Lupion_Gerard_DeLaTorre_Nathaniel\ConsoleApplication1\ConsoleApplication1\ConsoleApplication1.cpp(14,57): warning C4838: la conversión de 'int' en 'char' requiere una conversión de restricción
C:\Users\gerar\OneDrive\Documents\GitHub\Ahorcado_Lupion_Gerard_DeLaTorre_Nathaniel\ConsoleApplication1\ConsoleApplication1\ConsoleApplication1.cpp(14,57): warning C4305: 'inicializando': truncamiento de 'int' a 'char'
C:\Users\gerar\OneDrive\Documents\GitHub\Ahorcado_Lupion_Gerard_DeLaTorre_Nathaniel\ConsoleApplication1\ConsoleApplication1\ConsoleApplication1.cpp(14,57): warning C4309: 'inicializando': truncamiento de valor constante
C:\Users\gerar\OneDrive\Documents\GitHub\Ahorcado_Lupion_Gerard_DeLaTorre_Nathaniel\ConsoleApplication1\ConsoleApplication1\ConsoleApplication1.cpp(14,63): warning C4838: la conversión de 'int' en 'char' requiere una conversión de restricción
C:\Users\gerar\OneDrive\Documents\GitHub\Ahorcado_Lupion_Gerard_DeLaTorre_Nathaniel\ConsoleApplication1\ConsoleApplication1\ConsoleApplication1.cpp(14,63): warning C4305: 'inicializando': truncamiento de 'int' a 'char'
C:\Users\gerar\OneDrive\Documents\GitHub\Ahorcado_Lupion_Gerard_DeLaTorre_Nathaniel\ConsoleApplication1\ConsoleApplication1\ConsoleApplication1.cpp(14,63): warning C4309: 'inicializando': truncamiento de valor constante
C:\Users\gerar\OneDrive\Documents\GitHub\Ahorcado_Lupion_Gerard_DeLaTorre_Nathaniel\ConsoleApplication1\ConsoleApplication1\ConsoleApplication1.cpp(16,7): warning C4101: 'palabra': variable local sin referencia
  ConsoleApplication1.vcxproj -> C:\Users\gerar\OneDrive\Documents\GitHub\Ahorcado_Lupion_Gerard_DeLaTorre_Nathaniel\ConsoleApplication1\x64\Debug\ConsoleApplication1.exe
